TN:
SF:src/scripts/calculator.js
FN:1,add
FN:5,subtract
FN:9,multiply
FN:13,divide
FNF:4
FNH:4
FNDA:1,add
FNDA:1,subtract
FNDA:1,multiply
FNDA:2,divide
DA:2,1
DA:6,1
DA:10,1
DA:14,2
DA:15,1
DA:17,1
LF:6
LH:6
BRDA:14,0,0,1
BRDA:14,0,1,1
BRF:2
BRH:2
end_of_record
TN:
SF:src/scripts/validateCPF.js
FN:1,validateCPF
FNF:1
FNH:1
FNDA:6,validateCPF
DA:2,6
DA:4,6
DA:5,3
DA:8,3
DA:12,3
DA:13,27
DA:15,3
DA:16,3
DA:17,3
DA:20,3
DA:21,3
DA:22,30
DA:24,3
DA:25,3
DA:26,3
DA:28,2
LF:16
LH:16
BRDA:4,0,0,3
BRDA:4,0,1,3
BRDA:4,1,0,6
BRDA:4,1,1,4
BRDA:16,2,0,3
BRDA:16,2,1,0
BRDA:16,3,0,3
BRDA:16,3,1,0
BRDA:17,4,0,0
BRDA:17,4,1,3
BRDA:25,5,0,0
BRDA:25,5,1,3
BRDA:25,6,0,3
BRDA:25,6,1,3
BRDA:26,7,0,1
BRDA:26,7,1,2
BRF:16
BRH:12
end_of_record
TN:
SF:src/scripts/validateEmail.js
FN:1,validateEmail
FNF:1
FNH:1
FNDA:8,validateEmail
DA:2,8
DA:3,8
LF:2
LH:2
BRF:0
BRH:0
end_of_record
